<?xml version="1.0" encoding="UTF-8"?>
<testng-results skipped="0" failed="0" total="2" passed="2">
  <reporter-output>
  </reporter-output>
  <suite name="MyTestingSuite" duration-ms="3082" started-at="2015-11-23T09:18:26Z" finished-at="2015-11-23T09:18:29Z">
    <groups>
    </groups>
    <test name="MyTesting123" duration-ms="2030" started-at="2015-11-23T09:18:26Z" finished-at="2015-11-23T09:18:28Z">
      <class name="com.enhops.testscripts.test">
        <test-method status="PASS" signature="testInit(org.testng.ITestContext)[pri:0, instance:com.enhops.testscripts.test@6b71769e]" name="testInit" is-config="true" duration-ms="1" started-at="2015-11-23T14:48:26Z" finished-at="2015-11-23T14:48:26Z">
          <params>
            <param index="0">
              <value>
                <![CDATA[org.testng.TestRunner@505fc5a4]]>
              </value>
            </param>
          </params>
          <reporter-output>
          </reporter-output>
        </test-method> <!-- testInit -->
        <test-method status="PASS" signature="testing123()[pri:0, instance:com.enhops.testscripts.test@6b71769e]" name="testing123" duration-ms="2007" started-at="2015-11-23T14:48:26Z" finished-at="2015-11-23T14:48:28Z">
          <reporter-output>
          </reporter-output>
        </test-method> <!-- testing123 -->
        <test-method status="PASS" signature="testCleanup()[pri:0, instance:com.enhops.testscripts.test@6b71769e]" name="testCleanup" is-config="true" duration-ms="0" started-at="2015-11-23T14:48:28Z" finished-at="2015-11-23T14:48:28Z">
          <reporter-output>
          </reporter-output>
        </test-method> <!-- testCleanup -->
      </class> <!-- com.enhops.testscripts.test -->
    </test> <!-- MyTesting123 -->
    <test name="MyTesting34" duration-ms="1006" started-at="2015-11-23T09:18:28Z" finished-at="2015-11-23T09:18:29Z">
      <class name="com.enhops.testscripts.test">
        <test-method status="PASS" signature="SuiteInit(org.testng.ITestContext)[pri:0, instance:com.enhops.testscripts.test@17f6480]" name="SuiteInit" is-config="true" duration-ms="23" started-at="2015-11-23T14:48:26Z" finished-at="2015-11-23T14:48:26Z">
          <params>
            <param index="0">
              <value>
                <![CDATA[org.testng.TestRunner@bd4dc25]]>
              </value>
            </param>
          </params>
          <reporter-output>
          </reporter-output>
        </test-method> <!-- SuiteInit -->
        <test-method status="PASS" signature="testInit(org.testng.ITestContext)[pri:0, instance:com.enhops.testscripts.test@17f6480]" name="testInit" is-config="true" duration-ms="0" started-at="2015-11-23T14:48:28Z" finished-at="2015-11-23T14:48:28Z">
          <params>
            <param index="0">
              <value>
                <![CDATA[org.testng.TestRunner@bd4dc25]]>
              </value>
            </param>
          </params>
          <reporter-output>
          </reporter-output>
        </test-method> <!-- testInit -->
        <test-method status="PASS" signature="testing34()[pri:0, instance:com.enhops.testscripts.test@17f6480]" name="testing34" duration-ms="1002" started-at="2015-11-23T14:48:28Z" finished-at="2015-11-23T14:48:29Z">
          <reporter-output>
          </reporter-output>
        </test-method> <!-- testing34 -->
        <test-method status="PASS" signature="testCleanup()[pri:0, instance:com.enhops.testscripts.test@17f6480]" name="testCleanup" is-config="true" duration-ms="1" started-at="2015-11-23T14:48:29Z" finished-at="2015-11-23T14:48:29Z">
          <reporter-output>
          </reporter-output>
        </test-method> <!-- testCleanup -->
        <test-method status="PASS" signature="SuiteCleanup(org.testng.ITestContext)[pri:0, instance:com.enhops.testscripts.test@17f6480]" name="SuiteCleanup" is-config="true" duration-ms="637" started-at="2015-11-23T14:48:29Z" finished-at="2015-11-23T14:48:30Z">
          <params>
            <param index="0">
              <value>
                <![CDATA[org.testng.TestRunner@bd4dc25]]>
              </value>
            </param>
          </params>
          <reporter-output>
          </reporter-output>
        </test-method> <!-- SuiteCleanup -->
      </class> <!-- com.enhops.testscripts.test -->
    </test> <!-- MyTesting34 -->
  </suite> <!-- MyTestingSuite -->
</testng-results>
